f:\projects\powerpointpresentation\powerpointpresentationcpp\release\powerpointpresentationcpp.pch
f:\projects\powerpointpresentation\powerpointpresentationcpp\release\vc120.pdb
f:\projects\powerpointpresentation\powerpointpresentationcpp\release\stdafx.obj
f:\projects\powerpointpresentation\powerpointpresentationcpp\release\powerpointpresentationcpp.obj
f:\projects\powerpointpresentation\powerpointpresentationcpp\release\assemblyinfo.obj
f:\projects\powerpointpresentation\powerpointpresentationcpp\release\.netframework,version=v4.5.assemblyattributes.obj
f:\projects\powerpointpresentation\release\powerpointpresentationcpp.dll
f:\projects\powerpointpresentation\release\powerpointpresentationcpp.pdb
f:\projects\powerpointpresentation\powerpointpresentationcpp\release\powerpoi.271b6a48.tlog\metagen.write.1.tlog
f:\projects\powerpointpresentation\powerpointpresentationcpp\release\app.res
f:\projects\powerpointpresentation\powerpointpresentationcpp\release\powerpoi.271b6a48.tlog\cl.command.1.tlog
f:\projects\powerpointpresentation\powerpointpresentationcpp\release\powerpoi.271b6a48.tlog\cl.read.1.tlog
f:\projects\powerpointpresentation\powerpointpresentationcpp\release\powerpoi.271b6a48.tlog\cl.write.1.tlog
f:\projects\powerpointpresentation\powerpointpresentationcpp\release\powerpoi.271b6a48.tlog\link.command.1.tlog
f:\projects\powerpointpresentation\powerpointpresentationcpp\release\powerpoi.271b6a48.tlog\link.read.1.tlog
f:\projects\powerpointpresentation\powerpointpresentationcpp\release\powerpoi.271b6a48.tlog\link.write.1.tlog
f:\projects\powerpointpresentation\powerpointpresentationcpp\release\powerpoi.271b6a48.tlog\metagen.read.1.tlog
f:\projects\powerpointpresentation\powerpointpresentationcpp\release\powerpoi.271b6a48.tlog\rc.command.1.tlog
f:\projects\powerpointpresentation\powerpointpresentationcpp\release\powerpoi.271b6a48.tlog\rc.read.1.tlog
f:\projects\powerpointpresentation\powerpointpresentationcpp\release\powerpoi.271b6a48.tlog\rc.write.1.tlog
f:\projects\powerpointpresentation\powerpointpresentationcpp\release\powerpoi.271b6a48.tlog\mysql.data.dll.metagen
f:\projects\powerpointpresentation\powerpointpresentationcpp\release\powerpoi.271b6a48.tlog\tzres.dll.bi
